0 info it worked if it ends with ok
1 verbose cli [ '/home/ubuntu/.nvm/v0.10.35/bin/node',
1 verbose cli   '/home/ubuntu/.nvm/v0.10.35/bin/npm',
1 verbose cli   'install',
1 verbose cli   'phpmyadmin' ]
2 info using npm@1.4.28
3 info using node@v0.10.35
4 verbose cache add [ 'phpmyadmin', null ]
5 verbose cache add name=undefined spec="phpmyadmin" args=["phpmyadmin",null]
6 verbose parsed url { protocol: null,
6 verbose parsed url   slashes: null,
6 verbose parsed url   auth: null,
6 verbose parsed url   host: null,
6 verbose parsed url   port: null,
6 verbose parsed url   hostname: null,
6 verbose parsed url   hash: null,
6 verbose parsed url   search: null,
6 verbose parsed url   query: null,
6 verbose parsed url   pathname: 'phpmyadmin',
6 verbose parsed url   path: 'phpmyadmin',
6 verbose parsed url   href: 'phpmyadmin' }
7 silly lockFile 51ca673e-phpmyadmin phpmyadmin
8 verbose lock phpmyadmin /home/ubuntu/.npm/51ca673e-phpmyadmin.lock
9 silly lockFile 51ca673e-phpmyadmin phpmyadmin
10 silly lockFile 51ca673e-phpmyadmin phpmyadmin
11 verbose addNamed [ 'phpmyadmin', '' ]
12 verbose addNamed [ null, '*' ]
13 silly lockFile ba8ba92c-phpmyadmin phpmyadmin@
14 verbose lock phpmyadmin@ /home/ubuntu/.npm/ba8ba92c-phpmyadmin.lock
15 silly addNameRange { name: 'phpmyadmin', range: '*', hasData: false }
16 verbose request where is /phpmyadmin
17 verbose request registry https://registry.npmjs.org/
18 verbose request id c1da37de5d6138ad
19 verbose url raw /phpmyadmin
20 verbose url resolving [ 'https://registry.npmjs.org/', './phpmyadmin' ]
21 verbose url resolved https://registry.npmjs.org/phpmyadmin
22 verbose request where is https://registry.npmjs.org/phpmyadmin
23 info trying registry request attempt 1 at 10:59:44
24 http GET https://registry.npmjs.org/phpmyadmin
25 http 404 https://registry.npmjs.org/phpmyadmin
26 silly registry.get cb [ 404,
26 silly registry.get   { 'content-type': 'application/json',
26 silly registry.get     'cache-control': 'max-age=0',
26 silly registry.get     'content-length': '2',
26 silly registry.get     'accept-ranges': 'bytes',
26 silly registry.get     date: 'Mon, 07 Sep 2015 10:59:44 GMT',
26 silly registry.get     via: '1.1 varnish',
26 silly registry.get     age: '0',
26 silly registry.get     connection: 'keep-alive',
26 silly registry.get     'x-served-by': 'cache-hkg6820-HKG',
26 silly registry.get     'x-cache': 'MISS',
26 silly registry.get     'x-cache-hits': '0',
26 silly registry.get     'x-timer': 'S1441623584.637996,VS0,VE207' } ]
27 silly lockFile ba8ba92c-phpmyadmin phpmyadmin@
28 silly lockFile ba8ba92c-phpmyadmin phpmyadmin@
29 error 404 Not Found
29 error 404
29 error 404 'phpmyadmin' is not in the npm registry.
29 error 404 You should bug the author to publish it
29 error 404
29 error 404 Note that you can also install from a
29 error 404 tarball, folder, or http url, or git url.
30 error System Linux 3.14.13-c9
31 error command "/home/ubuntu/.nvm/v0.10.35/bin/node" "/home/ubuntu/.nvm/v0.10.35/bin/npm" "install" "phpmyadmin"
32 error cwd /home/ubuntu/workspace
33 error node -v v0.10.35
34 error npm -v 1.4.28
35 error code E404
36 verbose exit [ 1, true ]
